TN:
SF:src/app/elementsSlice.ts
FN:31,extraReducers
FNF:1
FNH:1
FNDA:1,extraReducers
DA:1,1
DA:2,1
DA:3,1
DA:4,1
DA:5,1
DA:6,1
DA:7,1
DA:8,1
DA:9,1
DA:10,1
DA:11,1
DA:12,1
DA:13,1
DA:14,1
DA:15,1
DA:16,1
DA:17,1
DA:18,1
DA:19,9
DA:20,9
DA:21,9
DA:22,6
DA:23,6
DA:24,9
DA:25,1
DA:26,1
DA:27,1
DA:28,1
DA:29,1
DA:30,1
DA:31,1
DA:32,1
DA:33,1
DA:34,9
DA:35,9
DA:36,1
DA:37,1
DA:38,3
DA:39,3
DA:40,1
DA:41,1
DA:42,6
DA:43,6
DA:44,1
DA:45,1
DA:46,1
DA:47,1
DA:48,1
LF:48
LH:48
BRDA:18,0,0,9
BRDA:21,1,0,6
BRDA:31,2,0,1
BRDA:33,3,0,9
BRDA:37,4,0,3
BRDA:41,5,0,6
BRF:6
BRH:6
end_of_record
TN:
SF:src/app/fetchElementsBySymbolsSlice.ts
FN:31,extraReducers
FNF:1
FNH:1
FNDA:1,extraReducers
DA:1,1
DA:2,1
DA:3,1
DA:4,1
DA:5,1
DA:6,1
DA:7,1
DA:8,1
DA:9,1
DA:10,1
DA:11,1
DA:12,1
DA:13,1
DA:14,1
DA:15,1
DA:16,1
DA:17,1
DA:18,1
DA:19,1
DA:20,1
DA:21,1
DA:22,1
DA:23,1
DA:24,1
DA:25,1
DA:26,1
DA:27,1
DA:28,1
DA:29,1
DA:30,1
DA:31,1
DA:32,1
DA:33,1
DA:34,1
DA:35,1
DA:36,1
DA:37,1
DA:38,1
DA:39,1
DA:40,1
DA:41,1
DA:42,1
DA:43,1
DA:44,1
DA:45,1
DA:46,1
DA:47,1
DA:48,1
LF:48
LH:48
BRDA:18,0,0,1
BRDA:31,1,0,1
BRDA:33,2,0,1
BRDA:37,3,0,1
BRDA:41,4,0,1
BRF:5
BRH:5
end_of_record
TN:
SF:src/app/highlightedElementsSlice.ts
FN:15,setElements
FN:18,resetElements
FNF:2
FNH:0
FNDA:0,setElements
FNDA:0,resetElements
DA:1,1
DA:2,1
DA:3,1
DA:4,1
DA:5,1
DA:6,1
DA:7,1
DA:8,1
DA:9,1
DA:10,1
DA:11,1
DA:12,1
DA:13,1
DA:14,1
DA:15,1
DA:16,0
DA:17,1
DA:18,1
DA:19,0
DA:20,0
DA:21,1
DA:22,1
DA:23,1
DA:24,1
DA:25,1
LF:25
LH:22
BRF:0
BRH:0
end_of_record
TN:
SF:src/app/store.ts
FN:7,setupStore
FNF:1
FNH:1
FNDA:1,setupStore
DA:1,1
DA:2,1
DA:3,1
DA:4,1
DA:5,1
DA:6,1
DA:7,1
DA:8,1
DA:9,1
DA:10,1
DA:11,1
DA:12,1
DA:13,1
DA:14,1
DA:15,1
DA:16,1
DA:17,1
DA:18,1
DA:19,1
DA:20,1
DA:21,1
DA:22,1
DA:23,1
DA:24,1
DA:25,1
DA:26,1
LF:26
LH:26
BRDA:7,0,0,1
BRF:1
BRH:1
end_of_record
TN:
SF:src/app/textSlice.ts
FN:16,updateContent
FNF:1
FNH:0
FNDA:0,updateContent
DA:1,1
DA:2,1
DA:3,1
DA:4,1
DA:5,1
DA:6,1
DA:7,1
DA:8,1
DA:9,1
DA:10,1
DA:11,1
DA:12,1
DA:13,1
DA:14,1
DA:15,1
DA:16,1
DA:17,0
DA:18,1
DA:19,1
DA:20,1
DA:21,1
DA:22,1
DA:23,1
DA:24,1
DA:25,1
DA:26,1
LF:26
LH:25
BRF:0
BRH:0
end_of_record
TN:
SF:src/app/services/apiService.ts
FN:21,get
FN:32,getAllElements
FN:42,getElements
FNF:3
FNH:0
FNDA:0,get
FNDA:0,getAllElements
FNDA:0,getElements
DA:1,1
DA:2,1
DA:3,1
DA:4,1
DA:5,1
DA:6,1
DA:7,1
DA:8,1
DA:9,1
DA:10,1
DA:11,1
DA:12,1
DA:13,1
DA:14,1
DA:15,1
DA:16,1
DA:17,1
DA:18,1
DA:19,1
DA:20,1
DA:21,1
DA:22,0
DA:23,0
DA:24,0
DA:25,0
DA:26,0
DA:27,0
DA:28,0
DA:29,1
DA:30,1
DA:31,1
DA:32,1
DA:33,0
DA:34,0
DA:35,0
DA:36,0
DA:37,0
DA:38,0
DA:39,0
DA:40,1
DA:41,1
DA:42,1
DA:43,0
DA:44,0
DA:45,0
DA:46,0
DA:47,0
DA:48,0
DA:49,0
DA:50,0
DA:51,1
DA:52,1
LF:52
LH:30
BRF:0
BRH:0
end_of_record
TN:
SF:src/components/DefinitionBox/index.tsx
FN:21,DefinitionBox
FNF:1
FNH:1
FNDA:19,DefinitionBox
DA:1,1
DA:2,1
DA:3,1
DA:4,1
DA:5,1
DA:6,1
DA:7,1
DA:8,1
DA:9,1
DA:10,1
DA:11,1
DA:12,1
DA:13,1
DA:14,1
DA:15,1
DA:16,1
DA:17,1
DA:18,1
DA:19,1
DA:20,1
DA:21,1
DA:22,19
DA:23,19
DA:24,19
DA:25,19
DA:26,19
DA:27,228
DA:28,133
DA:29,133
DA:30,133
DA:31,133
DA:32,133
DA:33,133
DA:34,95
DA:35,19
DA:36,19
DA:37,19
DA:38,19
DA:39,19
DA:40,19
DA:41,1
DA:42,1
DA:43,1
DA:44,1
DA:45,1
DA:46,1
DA:47,1
DA:48,1
DA:49,19
DA:50,18
DA:51,19
DA:52,19
DA:53,19
DA:54,19
LF:54
LH:54
BRDA:21,0,0,19
BRDA:36,1,0,0
BRDA:40,2,0,1
BRDA:49,3,0,18
BRDA:50,4,0,0
BRDA:26,5,0,228
BRDA:27,6,0,133
BRDA:34,7,0,95
BRDA:41,8,0,1
BRDA:44,9,0,1
BRF:10
BRH:8
end_of_record
TN:
SF:src/components/DefinitionBox/styles.ts
FNF:0
FNH:0
DA:1,1
DA:2,1
DA:3,1
DA:4,1
DA:5,1
DA:6,1
DA:7,1
DA:8,1
DA:9,1
DA:10,1
DA:11,1
DA:12,1
DA:13,1
DA:14,1
DA:15,1
DA:16,1
DA:17,1
DA:18,1
DA:19,1
DA:20,1
DA:21,1
DA:22,1
DA:23,1
DA:24,1
DA:25,1
DA:26,1
DA:27,1
DA:28,1
DA:29,1
DA:30,1
DA:31,1
DA:32,1
DA:33,1
DA:34,1
DA:35,1
DA:36,1
DA:37,1
DA:38,1
LF:38
LH:38
BRDA:4,0,0,19
BRDA:5,1,0,19
BRDA:6,2,0,19
BRDA:7,3,0,19
BRDA:13,4,0,18
BRDA:14,5,0,18
BRDA:15,6,0,18
BRDA:20,7,0,126
BRDA:24,8,0,90
BRDA:25,9,0,90
BRDA:30,10,0,1
BRDA:31,11,0,1
BRDA:35,12,0,1
BRDA:36,13,0,1
BRDA:37,14,0,1
BRF:15
BRH:15
end_of_record
TN:
SF:src/components/Highlight/index.tsx
FN:12,Highlight
FNF:1
FNH:1
FNDA:9,Highlight
DA:1,1
DA:2,1
DA:3,1
DA:4,1
DA:5,1
DA:6,1
DA:7,1
DA:8,1
DA:9,1
DA:10,1
DA:11,1
DA:12,1
DA:13,9
DA:14,9
DA:15,9
DA:16,9
DA:17,9
DA:18,9
DA:19,9
DA:20,9
DA:21,9
DA:22,9
DA:23,9
DA:24,51
DA:25,16
DA:26,16
DA:27,16
DA:28,16
DA:29,16
DA:30,16
DA:31,35
DA:32,9
DA:33,9
DA:34,9
DA:35,5
DA:36,5
DA:37,5
DA:38,5
DA:39,5
DA:40,4
DA:41,4
DA:42,4
DA:43,9
DA:44,9
DA:45,9
DA:46,9
DA:47,4
DA:48,4
DA:49,9
DA:50,9
DA:51,9
DA:52,9
LF:52
LH:52
BRDA:12,0,0,9
BRDA:17,1,0,14
BRDA:23,2,0,51
BRDA:24,3,0,16
BRDA:31,4,0,35
BRDA:34,5,0,5
BRDA:39,6,0,4
BRDA:37,7,0,31
BRDA:45,8,0,9
BRDA:46,9,0,4
BRF:10
BRH:10
end_of_record
TN:
SF:src/components/Highlight/styles.ts
FNF:0
FNH:0
DA:1,1
DA:2,1
DA:3,1
DA:4,1
DA:5,1
DA:6,1
DA:7,1
LF:7
LH:7
BRDA:4,0,0,16
BRDA:5,1,0,16
BRDA:6,2,0,16
BRDA:6,3,0,16
BRF:4
BRH:4
end_of_record
TN:
SF:src/pages/Home/index.tsx
FN:19,Home
FN:47,handleInputChange
FN:53,handleFetchDetails
FN:66,renderTextOrHighlight
FNF:4
FNH:3
FNDA:20,Home
FNDA:38,handleInputChange
FNDA:0,handleFetchDetails
FNDA:38,renderTextOrHighlight
DA:1,1
DA:2,1
DA:3,1
DA:4,1
DA:5,1
DA:6,1
DA:7,1
DA:8,1
DA:9,1
DA:10,1
DA:11,1
DA:12,1
DA:13,1
DA:14,1
DA:15,1
DA:16,1
DA:17,1
DA:18,1
DA:19,1
DA:20,20
DA:21,20
DA:22,20
DA:23,20
DA:24,20
DA:25,20
DA:26,20
DA:27,20
DA:28,20
DA:29,20
DA:30,20
DA:31,7
DA:32,20
DA:33,20
DA:34,20
DA:35,7
DA:36,0
DA:37,0
DA:38,0
DA:39,0
DA:40,0
DA:41,0
DA:42,0
DA:43,0
DA:44,20
DA:45,20
DA:46,20
DA:47,20
DA:48,38
DA:49,11
DA:50,11
DA:51,20
DA:52,20
DA:53,20
DA:54,0
DA:55,0
DA:56,0
DA:57,20
DA:58,20
DA:59,20
DA:60,0
DA:61,20
DA:62,20
DA:63,20
DA:64,20
DA:65,20
DA:66,20
DA:67,38
DA:68,38
DA:69,38
DA:70,38
DA:71,0
DA:72,38
DA:73,38
DA:74,38
DA:75,20
DA:76,20
DA:77,20
DA:78,20
DA:79,20
DA:80,20
DA:81,20
DA:82,20
DA:83,20
DA:84,20
DA:85,20
DA:86,20
DA:87,20
DA:88,20
DA:89,20
DA:90,20
DA:91,20
DA:92,20
DA:93,20
DA:94,20
DA:95,20
DA:96,20
DA:97,20
DA:98,20
DA:99,20
DA:100,20
DA:101,20
DA:102,20
DA:103,20
DA:104,20
DA:105,20
DA:106,20
DA:107,20
DA:108,20
DA:109,20
DA:110,20
DA:111,20
DA:112,20
DA:113,20
DA:114,20
DA:115,20
DA:116,20
DA:117,20
DA:118,19
DA:119,20
DA:120,20
DA:121,20
DA:122,20
DA:123,20
DA:124,1
DA:125,1
LF:125
LH:112
BRDA:19,0,0,20
BRDA:64,1,0,11
BRDA:112,2,0,0
BRDA:112,3,0,19
BRDA:117,4,0,19
BRDA:27,5,0,43
BRDA:30,6,0,7
BRDA:34,7,0,7
BRDA:35,8,0,0
BRDA:47,9,0,38
BRDA:48,10,0,11
BRDA:49,11,0,11
BRDA:66,12,0,38
BRDA:70,13,0,0
BRF:14
BRH:11
end_of_record
TN:
SF:src/pages/Home/styles.ts
FNF:0
FNH:0
DA:1,1
DA:2,1
DA:3,1
DA:4,1
DA:5,1
DA:6,1
DA:7,1
DA:8,1
DA:9,1
DA:10,1
DA:11,1
DA:12,1
DA:13,1
DA:14,1
DA:15,1
DA:16,1
DA:17,1
DA:18,1
DA:19,1
DA:20,1
DA:21,1
DA:22,1
DA:23,1
DA:24,1
DA:25,1
DA:26,1
DA:27,1
DA:28,1
DA:29,1
DA:30,1
DA:31,1
DA:32,1
DA:33,1
DA:34,1
DA:35,1
DA:36,1
DA:37,1
DA:38,1
DA:39,1
DA:40,1
DA:41,1
DA:42,1
DA:43,1
DA:44,1
DA:45,1
DA:46,1
DA:47,1
DA:48,1
DA:49,1
DA:50,1
DA:51,1
DA:52,1
DA:53,1
DA:54,1
DA:55,1
DA:56,1
DA:57,1
DA:58,1
DA:59,1
DA:60,1
DA:61,1
DA:62,1
DA:63,1
DA:64,1
DA:65,1
DA:66,1
DA:67,1
DA:68,1
DA:69,1
DA:70,1
DA:71,1
DA:72,1
DA:73,1
DA:74,1
DA:75,1
DA:76,1
DA:77,1
DA:78,1
DA:79,1
DA:80,1
DA:81,1
DA:82,1
DA:83,1
DA:84,1
DA:85,1
DA:86,1
DA:87,1
DA:88,1
DA:89,1
DA:90,1
DA:91,1
DA:92,1
DA:93,1
DA:94,1
DA:95,1
DA:96,1
DA:97,1
DA:98,1
DA:99,1
LF:99
LH:99
BRDA:8,0,0,19
BRDA:12,1,0,19
BRDA:13,2,0,19
BRDA:14,3,0,19
BRDA:20,4,0,19
BRDA:21,5,0,19
BRDA:22,6,0,19
BRDA:28,7,0,38
BRDA:37,8,0,19
BRDA:38,9,0,19
BRDA:44,10,0,38
BRDA:46,11,0,38
BRDA:52,12,0,38
BRDA:53,13,0,38
BRDA:55,14,0,38
BRDA:60,15,0,38
BRDA:63,16,0,38
BRDA:64,17,0,38
BRDA:73,18,0,19
BRDA:74,19,0,19
BRDA:75,20,0,19
BRDA:76,21,0,19
BRDA:83,22,0,19
BRDA:85,23,0,19
BRDA:86,24,0,19
BRDA:90,25,0,19
BRDA:94,26,0,19
BRDA:95,27,0,19
BRF:28
BRH:28
end_of_record
TN:
SF:src/styles/themes/default.ts
FNF:0
FNH:0
DA:1,1
DA:2,1
DA:3,1
DA:4,1
DA:5,1
DA:6,1
DA:7,1
DA:8,1
DA:9,1
DA:10,1
DA:11,1
DA:12,1
DA:13,1
DA:14,1
DA:15,1
DA:16,1
DA:17,1
DA:18,1
DA:19,1
DA:20,1
DA:21,1
DA:22,1
DA:23,1
DA:24,1
DA:25,1
DA:26,1
DA:27,1
DA:28,1
DA:29,1
DA:30,1
DA:31,1
DA:32,1
DA:33,1
DA:34,1
DA:35,1
DA:36,1
DA:37,1
DA:38,1
DA:39,1
DA:40,1
DA:41,1
DA:42,1
DA:43,1
DA:44,1
DA:45,1
DA:46,1
DA:47,1
DA:48,1
DA:49,1
DA:50,1
DA:51,1
DA:52,1
DA:53,1
LF:53
LH:53
BRF:0
BRH:0
end_of_record
